0 info it worked if it ends with ok
1 verbose cli [ 'C:\\Program Files\\nodejs\\node.exe',
1 verbose cli   'C:\\Program Files\\nodejs\\node_modules\\npm\\bin\\npm-cli.js',
1 verbose cli   'run',
1 verbose cli   'build' ]
2 info using npm@3.10.10
3 info using node@v6.11.3
4 verbose run-script [ 'prebuild', 'build', 'postbuild' ]
5 info lifecycle graduation-project@1.0.0~prebuild: graduation-project@1.0.0
6 silly lifecycle graduation-project@1.0.0~prebuild: no script for prebuild, continuing
7 info lifecycle graduation-project@1.0.0~build: graduation-project@1.0.0
8 verbose lifecycle graduation-project@1.0.0~build: unsafe-perm in lifecycle true
9 verbose lifecycle graduation-project@1.0.0~build: PATH: C:\Program Files\nodejs\node_modules\npm\bin\node-gyp-bin;F:\gp-tryout-2017\graduation-project\node_modules\.bin;C:\Users\Owner\bin;C:\Program Files\Git\mingw64\bin;C:\Program Files\Git\usr\local\bin;C:\Program Files\Git\usr\bin;C:\Program Files\Git\usr\bin;C:\Program Files\Git\mingw64\bin;C:\Program Files\Git\usr\bin;C:\Users\Owner\bin;C:\ProgramData\Oracle\Java\javapath;C:\Program Files (x86)\Common Files\Apple\Apple Application Support;C:\Program Files (x86)\Intel\iCLS Client;C:\Program Files\Intel\iCLS Client;C:\windows\system32;C:\windows;C:\windows\System32\Wbem;C:\windows\System32\WindowsPowerShell\v1.0;C:\Program Files\Intel\Intel(R) Management Engine Components\DAL;C:\Program Files (x86)\Intel\Intel(R) Management Engine Components\DAL;C:\Program Files\Intel\Intel(R) Management Engine Components\IPT;C:\Program Files (x86)\Intel\Intel(R) Management Engine Components\IPT;C:\Program Files (x86)\Common Files\Roxio Shared\DLLShared;C:\Program Files (x86)\Common Files\Roxio Shared\OEM\12.0\DLLShared;C:\Program Files (x86)\Roxio 2010\OEM\AudioCore;C:\Program Files (x86)\Fujitsu\FJAgent\Core\bin;C:\Program Files (x86)\Common Files\Ulead Systems\MPEG;C:\Program Files\Softex\OmniPass;C:\Program Files (x86)\Common Files\Sony Shared\FeliCaLibrary;C:\Program Files\Common Files\Sony Shared\FeliCaLibrary;C:\Program Files (x86)\Common Files\Sony Shared\FeliCaNFCLibrary;C:\Program Files\Common Files\Sony Shared\FeliCaNFCLibrary;C:\Program Files\Intel\WiFi\bin;C:\Program Files\Common Files\Intel\WirelessCommon;C:\Program Files (x86)\Windows Live\Shared;C:\Program Files\nodejs;C:\Program Files\Git\cmd;C:\Program Files\Intel\WiFi\bin;C:\Program Files\Common Files\Intel\WirelessCommon;C:\Users\Owner\AppData\Local\GitHubDesktop\bin;C:\Users\Owner\AppData\Roaming\npm;C:\Program Files\Git\usr\bin\vendor_perl;C:\Program Files\Git\usr\bin\core_perl
10 verbose lifecycle graduation-project@1.0.0~build: CWD: F:\gp-tryout-2017\graduation-project
11 silly lifecycle graduation-project@1.0.0~build: Args: [ '/d /s /c', 'babel src/script -d dist/assets/script' ]
12 silly lifecycle graduation-project@1.0.0~build: Returned: code: 1  signal: null
13 info lifecycle graduation-project@1.0.0~build: Failed to exec build script
14 verbose stack Error: graduation-project@1.0.0 build: `babel src/script -d dist/assets/script`
14 verbose stack Exit status 1
14 verbose stack     at EventEmitter.<anonymous> (C:\Program Files\nodejs\node_modules\npm\lib\utils\lifecycle.js:255:16)
14 verbose stack     at emitTwo (events.js:106:13)
14 verbose stack     at EventEmitter.emit (events.js:191:7)
14 verbose stack     at ChildProcess.<anonymous> (C:\Program Files\nodejs\node_modules\npm\lib\utils\spawn.js:40:14)
14 verbose stack     at emitTwo (events.js:106:13)
14 verbose stack     at ChildProcess.emit (events.js:191:7)
14 verbose stack     at maybeClose (internal/child_process.js:920:16)
14 verbose stack     at Process.ChildProcess._handle.onexit (internal/child_process.js:230:5)
15 verbose pkgid graduation-project@1.0.0
16 verbose cwd F:\gp-tryout-2017\graduation-project\dist\assets
17 error Windows_NT 6.3.9600
18 error argv "C:\\Program Files\\nodejs\\node.exe" "C:\\Program Files\\nodejs\\node_modules\\npm\\bin\\npm-cli.js" "run" "build"
19 error node v6.11.3
20 error npm  v3.10.10
21 error code ELIFECYCLE
22 error graduation-project@1.0.0 build: `babel src/script -d dist/assets/script`
22 error Exit status 1
23 error Failed at the graduation-project@1.0.0 build script 'babel src/script -d dist/assets/script'.
23 error Make sure you have the latest version of node.js and npm installed.
23 error If you do, this is most likely a problem with the graduation-project package,
23 error not with npm itself.
23 error Tell the author that this fails on your system:
23 error     babel src/script -d dist/assets/script
23 error You can get information on how to open an issue for this project with:
23 error     npm bugs graduation-project
23 error Or if that isn't available, you can get their info via:
23 error     npm owner ls graduation-project
23 error There is likely additional logging output above.
24 verbose exit [ 1, true ]
